<?xml version="1.0" encoding="UTF-8" ?>
<testsuite tests="5" failures="0" name="MenuTest" time="0.957" errors="0" skipped="0">
  <properties>
[...]
</properties>
  <testcase classname="MenuTest" name="testCreateMenuItemById" time="0.887"/>
  <testcase classname="MenuTest" name="testDeleteMenuItemById" time="0.017"/>
  <testcase classname="MenuTest" name="testGetMenuItemById" time="0.01"/>
  <testcase classname="MenuTest" name="testUpdateMenuItemById" time="0.018"/>
  <testcase classname="MenuTest" name="testGetAllMenuItem" time="0.025"/>
</testsuite>